2024-08-13T08:31:45.729+09:00  INFO 2012 --- [restartedMain] c.m.item_service.ItemServiceApplication  : Starting ItemServiceApplication using Java 17.0.11 with PID 2012 (C:\msaApp\item-service\bin\main started by MZC-USER in C:\msaApp\item-service)
2024-08-13T08:31:45.732+09:00 DEBUG 2012 --- [restartedMain] c.m.item_service.ItemServiceApplication  : Running with Spring Boot v3.3.2, Spring v6.1.11
2024-08-13T08:31:45.733+09:00  INFO 2012 --- [restartedMain] c.m.item_service.ItemServiceApplication  : No active profile set, falling back to 1 default profile: "default"
2024-08-13T08:31:45.785+09:00  INFO 2012 --- [restartedMain] .e.DevToolsPropertyDefaultsPostProcessor : Devtools property defaults active! Set 'spring.devtools.add-properties' to 'false' to disable
2024-08-13T08:31:45.794+09:00  INFO 2012 --- [restartedMain] .e.DevToolsPropertyDefaultsPostProcessor : For additional web related logging consider setting the 'logging.level.web' property to 'DEBUG'
2024-08-13T08:31:47.132+09:00  INFO 2012 --- [restartedMain] o.s.b.w.embedded.tomcat.TomcatWebServer  : Tomcat initialized with port 8080 (http)
2024-08-13T08:31:47.150+09:00  INFO 2012 --- [restartedMain] o.apache.catalina.core.StandardService   : Starting service [Tomcat]
2024-08-13T08:31:47.151+09:00  INFO 2012 --- [restartedMain] o.apache.catalina.core.StandardEngine    : Starting Servlet engine: [Apache Tomcat/10.1.26]
2024-08-13T08:31:47.210+09:00  INFO 2012 --- [restartedMain] o.a.c.c.C.[Tomcat].[localhost].[/]       : Initializing Spring embedded WebApplicationContext
2024-08-13T08:31:47.213+09:00  INFO 2012 --- [restartedMain] w.s.c.ServletWebServerApplicationContext : Root WebApplicationContext: initialization completed in 1418 ms
2024-08-13T08:31:47.916+09:00  INFO 2012 --- [restartedMain] o.s.b.d.a.OptionalLiveReloadServer       : LiveReload server is running on port 35729
2024-08-13T08:31:47.923+09:00  INFO 2012 --- [restartedMain] o.s.b.a.e.web.EndpointLinksResolver      : Exposing 1 endpoint beneath base path '/actuator'
2024-08-13T08:31:48.037+09:00  INFO 2012 --- [restartedMain] o.s.b.w.embedded.tomcat.TomcatWebServer  : Tomcat started on port 8080 (http) with context path '/'
2024-08-13T08:31:48.054+09:00  INFO 2012 --- [restartedMain] c.m.item_service.ItemServiceApplication  : Started ItemServiceApplication in 3.034 seconds (process running for 3.576)
2024-08-13T08:31:48.568+09:00  INFO 2012 --- [RMI TCP Connection(2)-127.0.0.1] o.a.c.c.C.[Tomcat].[localhost].[/]       : Initializing Spring DispatcherServlet 'dispatcherServlet'
2024-08-13T08:31:48.570+09:00  INFO 2012 --- [RMI TCP Connection(2)-127.0.0.1] o.s.web.servlet.DispatcherServlet        : Initializing Servlet 'dispatcherServlet'
2024-08-13T08:31:48.571+09:00  INFO 2012 --- [RMI TCP Connection(2)-127.0.0.1] o.s.web.servlet.DispatcherServlet        : Completed initialization in 1 ms
2024-08-13T08:33:30.187+09:00  WARN 2012 --- [http-nio-8080-exec-1] .w.s.m.s.DefaultHandlerExceptionResolver : Resolved [org.springframework.web.HttpRequestMethodNotSupportedException: Request method 'GET' is not supported]
2024-08-13T08:36:50.064+09:00  WARN 2012 --- [http-nio-8080-exec-3] .w.s.m.s.DefaultHandlerExceptionResolver : Resolved [org.springframework.web.HttpRequestMethodNotSupportedException: Request method 'GET' is not supported]
2024-08-13T08:46:24.881+09:00  INFO 2012 --- [File Watcher] rtingClassPathChangeChangedEventListener : Restarting due to 1 class path change (0 additions, 0 deletions, 1 modification)
2024-08-13T08:46:25.104+09:00  INFO 2012 --- [restartedMain] c.m.item_service.ItemServiceApplication  : Starting ItemServiceApplication using Java 17.0.11 with PID 2012 (C:\msaApp\item-service\bin\main started by MZC-USER in C:\msaApp\item-service)
2024-08-13T08:46:25.105+09:00 DEBUG 2012 --- [restartedMain] c.m.item_service.ItemServiceApplication  : Running with Spring Boot v3.3.2, Spring v6.1.11
2024-08-13T08:46:25.106+09:00  INFO 2012 --- [restartedMain] c.m.item_service.ItemServiceApplication  : No active profile set, falling back to 1 default profile: "default"
2024-08-13T08:46:25.507+09:00  INFO 2012 --- [restartedMain] o.s.b.w.embedded.tomcat.TomcatWebServer  : Tomcat initialized with port 8080 (http)
2024-08-13T08:46:25.509+09:00  INFO 2012 --- [restartedMain] o.apache.catalina.core.StandardService   : Starting service [Tomcat]
2024-08-13T08:46:25.509+09:00  INFO 2012 --- [restartedMain] o.apache.catalina.core.StandardEngine    : Starting Servlet engine: [Apache Tomcat/10.1.26]
2024-08-13T08:46:25.524+09:00  INFO 2012 --- [restartedMain] o.a.c.c.C.[Tomcat].[localhost].[/]       : Initializing Spring embedded WebApplicationContext
2024-08-13T08:46:25.526+09:00  INFO 2012 --- [restartedMain] w.s.c.ServletWebServerApplicationContext : Root WebApplicationContext: initialization completed in 417 ms
2024-08-13T08:46:25.719+09:00  INFO 2012 --- [restartedMain] o.s.b.d.a.OptionalLiveReloadServer       : LiveReload server is running on port 35729
2024-08-13T08:46:25.727+09:00  INFO 2012 --- [restartedMain] o.s.b.a.e.web.EndpointLinksResolver      : Exposing 1 endpoint beneath base path '/actuator'
2024-08-13T08:46:25.758+09:00  INFO 2012 --- [restartedMain] o.s.b.w.embedded.tomcat.TomcatWebServer  : Tomcat started on port 8080 (http) with context path '/'
2024-08-13T08:46:25.765+09:00  INFO 2012 --- [restartedMain] c.m.item_service.ItemServiceApplication  : Started ItemServiceApplication in 0.691 seconds (process running for 881.287)
2024-08-13T08:46:25.770+09:00  INFO 2012 --- [restartedMain] .ConditionEvaluationDeltaLoggingListener : Condition evaluation unchanged
2024-08-13T08:46:41.627+09:00  INFO 2012 --- [http-nio-8080-exec-2] o.a.c.c.C.[Tomcat].[localhost].[/]       : Initializing Spring DispatcherServlet 'dispatcherServlet'
2024-08-13T08:46:41.628+09:00  INFO 2012 --- [http-nio-8080-exec-2] o.s.web.servlet.DispatcherServlet        : Initializing Servlet 'dispatcherServlet'
2024-08-13T08:46:41.630+09:00  INFO 2012 --- [http-nio-8080-exec-2] o.s.web.servlet.DispatcherServlet        : Completed initialization in 1 ms
2024-08-13T08:46:41.631+09:00  WARN 2012 --- [http-nio-8080-exec-2] .w.s.m.s.DefaultHandlerExceptionResolver : Resolved [org.springframework.web.HttpRequestMethodNotSupportedException: Request method 'GET' is not supported]
2024-08-13T08:46:47.315+09:00 DEBUG 2012 --- [http-nio-8080-exec-3] c.m.i.controller.ItemControlller         : request item id : p001
